271       552
389       883
510      1191
629      1572
750      1996
863      2428
991      2891
1108      3539
1231      4182
1351      4980
1471      5771
1590      6551
1711      7313
1830      8240
1951      9184
2070     10087
2191     11140
2311     12111
2431     13219
2550     14247
2669     15353
2791     16446
2911     17692
3029     18848
3151     20028
3268     21282
3391     22696
3511     23971
3631     25303
3751     26675
3871     28245
3990     29736
4111     31124
4229     32714
4347     34397
4471     35877
4587     37269
4710     39011
4831     40884
4950     42501
5070     44005
5191     46026
5310     48168
5431     49801
5551     51385
5671     53604
5787     55942
5910     57757
6031     59391
6151     61754
6271     64234
6390     66110
6511     67845
6627     70474
6751     73113
6871     75064
6990     76940
7111     79681
7230     82548
7351     84597
7471     86507
7591     89497
7711    225216
7831    232192
7951    239583
8071    247302
8191    255497
8308    261587
8431    271490
8550    279492
8671    286927
8790    294680
8910    302974
9030    311300
9150    318635
9271    326740
9390    335304
9511    344297
9630    352056
9748    358652
9870    369723
9991    379119
10111    386982
10231    396075
10349    404396
10470    415375
10590    424146
10711    433390
10829    442662
10950    453238
11071    462178
11186    469811
11311    482529
11431    493214
11550    503210
11671    513486
11791    524244
11911    535277
12031    544872
12151    555695
12271    566893
12391    578385
12510    588658
12628    596914
12751    611324
12871    623437
12991    633907
13110    645605
13231    657684
13351    670037
13471    680939
13591    693047
13710    705363
13829    718178
13949    727930
14069    739641
14190    754817
14310    768192
14431    779875
14551    792655
14667    802847
14791    819806
14911    831684
15031    844936
15151    858813
15270    873037
15387    882123
15510    899117
15631    913465
15750    927989
15870    940790
15991    954948
16110    969483
16231    984544
16350    997837
16470   1012445
16590   1027834
16710   1043032
16831   1056394
16951   1071408
17069   1097263
17191   1113364
17306   1123650
